# JRE version: OpenJDK Runtime Environment (24.0.1+9) (build 24.0.1+9-30)
# Java VM: OpenJDK 64-Bit Server VM (24.0.1+9-30, mixed mode, sharing, tiered, compressed oops, compressed class ptrs, g1 gc, windows-amd64)
GC Precious Log:
 CardTable entry size: 512
 Card Set container configuration: InlinePtr #cards 4 size 8 Array Of Cards #cards 16 size 48 Howl #buckets 8 coarsen threshold 3686 Howl Bitmap #cards 512 size 80 coarsen threshold 460 Card regions per heap region 1 cards per card region 4096
 CPUs: 16 total, 16 available
 Memory: 16312M
 Large Page Support: Disabled
 NUMA Support: Disabled
 Compressed Oops: Enabled (Zero based)
 Heap Region Size: 2M
 Heap Min Capacity: 8M
 Heap Initial Capacity: 256M
 Heap Max Capacity: 4080M
 Pre-touch: Disabled
 Parallel Workers: 13
 Concurrent Workers: 3
 Concurrent Refinement Workers: 13
 Periodic GC: Disabled
Heap:
 garbage-first heap   total reserved 4177920K, committed 77824K, used 56902K [0x0000000701000000, 0x0000000800000000)
  region size 2048K, 16 young (32768K), 2 survivors (4096K)
 Metaspace       used 40311K, committed 40832K, reserved 1114112K
  class space    used 4531K, committed 4736K, reserved 1048576K
GC Heap History (20 events):
Event: 54.456 GC heap before
{Heap before GC invocations=16 (full 0):
 garbage-first heap   total reserved 4177920K, committed 77824K, used 64531K [0x0000000701000000, 0x0000000800000000)
  region size 2048K, 20 young (40960K), 2 survivors (4096K)
 Metaspace       used 37805K, committed 38272K, reserved 1114112K
  class space    used 4208K, committed 4416K, reserved 1048576K
}
Event: 54.458 GC heap after
{Heap after GC invocations=17 (full 0):
 garbage-first heap   total reserved 4177920K, committed 77824K, used 27785K [0x0000000701000000, 0x0000000800000000)
  region size 2048K, 2 young (4096K), 2 survivors (4096K)
 Metaspace       used 37805K, committed 38272K, reserved 1114112K
  class space    used 4208K, committed 4416K, reserved 1048576K
}
Event: 58.916 GC heap before
{Heap before GC invocations=17 (full 0):
 garbage-first heap   total reserved 4177920K, committed 77824K, used 64649K [0x0000000701000000, 0x0000000800000000)
  region size 2048K, 20 young (40960K), 2 survivors (4096K)
 Metaspace       used 37808K, committed 38272K, reserved 1114112K
  class space    used 4208K, committed 4416K, reserved 1048576K
}
Event: 58.917 GC heap after
{Heap after GC invocations=18 (full 0):
 garbage-first heap   total reserved 4177920K, committed 77824K, used 27940K [0x0000000701000000, 0x0000000800000000)
  region size 2048K, 2 young (4096K), 2 survivors (4096K)
 Metaspace       used 37808K, committed 38272K, reserved 1114112K
  class space    used 4208K, committed 4416K, reserved 1048576K
}
Event: 66.541 GC heap before
{Heap before GC invocations=18 (full 0):
 garbage-first heap   total reserved 4177920K, committed 77824K, used 62756K [0x0000000701000000, 0x0000000800000000)
  region size 2048K, 20 young (40960K), 2 survivors (4096K)
 Metaspace       used 37832K, committed 38336K, reserved 1114112K
  class space    used 4211K, committed 4416K, reserved 1048576K
}
Event: 66.542 GC heap after
{Heap after GC invocations=19 (full 0):
 garbage-first heap   total reserved 4177920K, committed 77824K, used 28094K [0x0000000701000000, 0x0000000800000000)
  region size 2048K, 2 young (4096K), 2 survivors (4096K)
 Metaspace       used 37832K, committed 38336K, reserved 1114112K
  class space    used 4211K, committed 4416K, reserved 1048576K
}
Event: 71.561 GC heap before
{Heap before GC invocations=19 (full 0):
 garbage-first heap   total reserved 4177920K, committed 77824K, used 62910K [0x0000000701000000, 0x0000000800000000)
  region size 2048K, 20 young (40960K), 2 survivors (4096K)
 Metaspace       used 37836K, committed 38336K, reserved 1114112K
  class space    used 4211K, committed 4416K, reserved 1048576K
}
Event: 71.562 GC heap after
{Heap after GC invocations=20 (full 0):
 garbage-first heap   total reserved 4177920K, committed 77824K, used 28782K [0x0000000701000000, 0x0000000800000000)
  region size 2048K, 2 young (4096K), 2 survivors (4096K)
 Metaspace       used 37836K, committed 38336K, reserved 1114112K
  class space    used 4211K, committed 4416K, reserved 1048576K
}
Event: 76.505 GC heap before
{Heap before GC invocations=20 (full 0):
 garbage-first heap   total reserved 4177920K, committed 77824K, used 65646K [0x0000000701000000, 0x0000000800000000)
  region size 2048K, 20 young (40960K), 2 survivors (4096K)
 Metaspace       used 37864K, committed 38336K, reserved 1114112K
  class space    used 4211K, committed 4416K, reserved 1048576K
}
Event: 76.507 GC heap after
{Heap after GC invocations=21 (full 0):
 garbage-first heap   total reserved 4177920K, committed 77824K, used 29439K [0x0000000701000000, 0x0000000800000000)
  region size 2048K, 2 young (4096K), 2 survivors (4096K)
 Metaspace       used 37864K, committed 38336K, reserved 1114112K
  class space    used 4211K, committed 4416K, reserved 1048576K
}
Event: 79.408 GC heap before
{Heap before GC invocations=21 (full 0):
 garbage-first heap   total reserved 4177920K, committed 77824K, used 66303K [0x0000000701000000, 0x0000000800000000)
  region size 2048K, 20 young (40960K), 2 survivors (4096K)
 Metaspace       used 38081K, committed 38592K, reserved 1114112K
  class space    used 4246K, committed 4480K, reserved 1048576K
}
Event: 79.409 GC heap after
{Heap after GC invocations=22 (full 0):
 garbage-first heap   total reserved 4177920K, committed 77824K, used 30077K [0x0000000701000000, 0x0000000800000000)
  region size 2048K, 2 young (4096K), 2 survivors (4096K)
 Metaspace       used 38081K, committed 38592K, reserved 1114112K
  class space    used 4246K, committed 4480K, reserved 1048576K
}
Event: 85.005 GC heap before
{Heap before GC invocations=22 (full 0):
 garbage-first heap   total reserved 4177920K, committed 77824K, used 66941K [0x0000000701000000, 0x0000000800000000)
  region size 2048K, 20 young (40960K), 2 survivors (4096K)
 Metaspace       used 38209K, committed 38720K, reserved 1114112K
  class space    used 4252K, committed 4480K, reserved 1048576K
}
Event: 85.006 GC heap after
{Heap after GC invocations=23 (full 0):
 garbage-first heap   total reserved 4177920K, committed 77824K, used 30179K [0x0000000701000000, 0x0000000800000000)
  region size 2048K, 2 young (4096K), 2 survivors (4096K)
 Metaspace       used 38209K, committed 38720K, reserved 1114112K
  class space    used 4252K, committed 4480K, reserved 1048576K
}
Event: 87.339 GC heap before
{Heap before GC invocations=23 (full 0):
 garbage-first heap   total reserved 4177920K, committed 77824K, used 67043K [0x0000000701000000, 0x0000000800000000)
  region size 2048K, 20 young (40960K), 2 survivors (4096K)
 Metaspace       used 38222K, committed 38720K, reserved 1114112K
  class space    used 4252K, committed 4480K, reserved 1048576K
}
Event: 87.340 GC heap after
{Heap after GC invocations=24 (full 0):
 garbage-first heap   total reserved 4177920K, committed 77824K, used 30177K [0x0000000701000000, 0x0000000800000000)
  region size 2048K, 2 young (4096K), 2 survivors (4096K)
 Metaspace       used 38222K, committed 38720K, reserved 1114112K
  class space    used 4252K, committed 4480K, reserved 1048576K
}
Event: 90.037 GC heap before
{Heap before GC invocations=24 (full 0):
 garbage-first heap   total reserved 4177920K, committed 77824K, used 64993K [0x0000000701000000, 0x0000000800000000)
  region size 2048K, 19 young (38912K), 2 survivors (4096K)
 Metaspace       used 38237K, committed 38720K, reserved 1114112K
  class space    used 4252K, committed 4480K, reserved 1048576K
}
Event: 90.038 GC heap after
{Heap after GC invocations=25 (full 0):
 garbage-first heap   total reserved 4177920K, committed 77824K, used 30273K [0x0000000701000000, 0x0000000800000000)
  region size 2048K, 2 young (4096K), 2 survivors (4096K)
 Metaspace       used 38237K, committed 38720K, reserved 1114112K
  class space    used 4252K, committed 4480K, reserved 1048576K
}
Event: 99.151 GC heap before
{Heap before GC invocations=25 (full 0):
 garbage-first heap   total reserved 4177920K, committed 77824K, used 65089K [0x0000000701000000, 0x0000000800000000)
  region size 2048K, 19 young (38912K), 2 survivors (4096K)
 Metaspace       used 38256K, committed 38784K, reserved 1114112K
  class space    used 4253K, committed 4480K, reserved 1048576K
}
Event: 99.152 GC heap after
{Heap after GC invocations=26 (full 0):
 garbage-first heap   total reserved 4177920K, committed 77824K, used 30278K [0x0000000701000000, 0x0000000800000000)
  region size 2048K, 2 young (4096K), 2 survivors (4096K)
 Metaspace       used 38256K, committed 38784K, reserved 1114112K
  class space    used 4253K, committed 4480K, reserved 1048576K
}

